{"D:\\Berkas Kuliah\\Semester 6\\rekaweb\\BM kurir\\server\\server.js": {"path":"D:\\Berkas Kuliah\\Semester 6\\rekaweb\\BM kurir\\server\\server.js","statementMap":{"0":{"start":{"line":4,"column":0},"end":{"line":4,"column":27}},"1":{"start":{"line":6,"column":16},"end":{"line":6,"column":34}},"2":{"start":{"line":7,"column":13},"end":{"line":7,"column":28}},"3":{"start":{"line":8,"column":17},"end":{"line":8,"column":36}},"4":{"start":{"line":9,"column":18},"end":{"line":9,"column":40}},"5":{"start":{"line":11,"column":12},"end":{"line":11,"column":21}},"6":{"start":{"line":16,"column":0},"end":{"line":29,"column":1}},"7":{"start":{"line":18,"column":22},"end":{"line":18,"column":96}},"8":{"start":{"line":21,"column":4},"end":{"line":25,"column":83}},"9":{"start":{"line":25,"column":20},"end":{"line":25,"column":81}},"10":{"start":{"line":28,"column":4},"end":{"line":28,"column":16}},"11":{"start":{"line":32,"column":0},"end":{"line":32,"column":16}},"12":{"start":{"line":33,"column":0},"end":{"line":33,"column":24}},"13":{"start":{"line":36,"column":0},"end":{"line":36,"column":47}},"14":{"start":{"line":37,"column":0},"end":{"line":37,"column":53}},"15":{"start":{"line":43,"column":0},"end":{"line":82,"column":3}},"16":{"start":{"line":44,"column":4},"end":{"line":81,"column":5}},"17":{"start":{"line":45,"column":23},"end":{"line":45,"column":33}},"18":{"start":{"line":46,"column":36},"end":{"line":46,"column":44}},"19":{"start":{"line":48,"column":8},"end":{"line":50,"column":9}},"20":{"start":{"line":49,"column":12},"end":{"line":49,"column":86}},"21":{"start":{"line":52,"column":19},"end":{"line":52,"column":41}},"22":{"start":{"line":54,"column":28},"end":{"line":54,"column":64}},"23":{"start":{"line":55,"column":31},"end":{"line":55,"column":142}},"24":{"start":{"line":55,"column":53},"end":{"line":55,"column":121}},"25":{"start":{"line":57,"column":27},"end":{"line":57,"column":29}},"26":{"start":{"line":58,"column":8},"end":{"line":58,"column":47}},"27":{"start":{"line":58,"column":20},"end":{"line":58,"column":47}},"28":{"start":{"line":60,"column":8},"end":{"line":66,"column":9}},"29":{"start":{"line":61,"column":12},"end":{"line":65,"column":13}},"30":{"start":{"line":62,"column":16},"end":{"line":62,"column":45}},"31":{"start":{"line":63,"column":19},"end":{"line":65,"column":13}},"32":{"start":{"line":64,"column":16},"end":{"line":64,"column":74}},"33":{"start":{"line":68,"column":23},"end":{"line":71,"column":9}},"34":{"start":{"line":73,"column":8},"end":{"line":75,"column":9}},"35":{"start":{"line":74,"column":12},"end":{"line":74,"column":97}},"36":{"start":{"line":77,"column":8},"end":{"line":77,"column":96}},"37":{"start":{"line":79,"column":8},"end":{"line":79,"column":70}},"38":{"start":{"line":80,"column":8},"end":{"line":80,"column":104}},"39":{"start":{"line":85,"column":0},"end":{"line":87,"column":3}},"40":{"start":{"line":86,"column":4},"end":{"line":86,"column":85}},"41":{"start":{"line":93,"column":0},"end":{"line":98,"column":1}},"42":{"start":{"line":94,"column":17},"end":{"line":94,"column":41}},"43":{"start":{"line":95,"column":4},"end":{"line":97,"column":7}},"44":{"start":{"line":96,"column":8},"end":{"line":96,"column":52}},"45":{"start":{"line":101,"column":0},"end":{"line":101,"column":21}}},"fnMap":{"0":{"name":"(anonymous_0)","decl":{"start":{"line":22,"column":12},"end":{"line":22,"column":13}},"loc":{"start":{"line":22,"column":18},"end":{"line":24,"column":7}},"line":22},"1":{"name":"(anonymous_1)","decl":{"start":{"line":25,"column":13},"end":{"line":25,"column":14}},"loc":{"start":{"line":25,"column":20},"end":{"line":25,"column":81}},"line":25},"2":{"name":"(anonymous_2)","decl":{"start":{"line":43,"column":35},"end":{"line":43,"column":36}},"loc":{"start":{"line":43,"column":55},"end":{"line":82,"column":1}},"line":43},"3":{"name":"(anonymous_3)","decl":{"start":{"line":55,"column":48},"end":{"line":55,"column":49}},"loc":{"start":{"line":55,"column":53},"end":{"line":55,"column":121}},"line":55},"4":{"name":"(anonymous_4)","decl":{"start":{"line":85,"column":13},"end":{"line":85,"column":14}},"loc":{"start":{"line":85,"column":27},"end":{"line":87,"column":1}},"line":85},"5":{"name":"(anonymous_5)","decl":{"start":{"line":95,"column":21},"end":{"line":95,"column":22}},"loc":{"start":{"line":95,"column":27},"end":{"line":97,"column":5}},"line":95}},"branchMap":{"0":{"loc":{"start":{"line":16,"column":0},"end":{"line":29,"column":1}},"type":"if","locations":[{"start":{"line":16,"column":0},"end":{"line":29,"column":1}},{"start":{"line":26,"column":7},"end":{"line":29,"column":1}}],"line":16},"1":{"loc":{"start":{"line":18,"column":22},"end":{"line":18,"column":96}},"type":"binary-expr","locations":[{"start":{"line":18,"column":22},"end":{"line":18,"column":48}},{"start":{"line":18,"column":52},"end":{"line":18,"column":96}}],"line":18},"2":{"loc":{"start":{"line":48,"column":8},"end":{"line":50,"column":9}},"type":"if","locations":[{"start":{"line":48,"column":8},"end":{"line":50,"column":9}},{"start":{},"end":{}}],"line":48},"3":{"loc":{"start":{"line":55,"column":31},"end":{"line":55,"column":142}},"type":"binary-expr","locations":[{"start":{"line":55,"column":31},"end":{"line":55,"column":128}},{"start":{"line":55,"column":132},"end":{"line":55,"column":142}}],"line":55},"4":{"loc":{"start":{"line":55,"column":53},"end":{"line":55,"column":121}},"type":"binary-expr","locations":[{"start":{"line":55,"column":53},"end":{"line":55,"column":74}},{"start":{"line":55,"column":78},"end":{"line":55,"column":97}},{"start":{"line":55,"column":101},"end":{"line":55,"column":121}}],"line":55},"5":{"loc":{"start":{"line":58,"column":8},"end":{"line":58,"column":47}},"type":"if","locations":[{"start":{"line":58,"column":8},"end":{"line":58,"column":47}},{"start":{},"end":{}}],"line":58},"6":{"loc":{"start":{"line":60,"column":8},"end":{"line":66,"column":9}},"type":"if","locations":[{"start":{"line":60,"column":8},"end":{"line":66,"column":9}},{"start":{},"end":{}}],"line":60},"7":{"loc":{"start":{"line":61,"column":12},"end":{"line":65,"column":13}},"type":"if","locations":[{"start":{"line":61,"column":12},"end":{"line":65,"column":13}},{"start":{"line":63,"column":19},"end":{"line":65,"column":13}}],"line":61},"8":{"loc":{"start":{"line":61,"column":16},"end":{"line":61,"column":69}},"type":"binary-expr","locations":[{"start":{"line":61,"column":16},"end":{"line":61,"column":40}},{"start":{"line":61,"column":44},"end":{"line":61,"column":69}}],"line":61},"9":{"loc":{"start":{"line":63,"column":19},"end":{"line":65,"column":13}},"type":"if","locations":[{"start":{"line":63,"column":19},"end":{"line":65,"column":13}},{"start":{},"end":{}}],"line":63},"10":{"loc":{"start":{"line":73,"column":8},"end":{"line":75,"column":9}},"type":"if","locations":[{"start":{"line":73,"column":8},"end":{"line":75,"column":9}},{"start":{},"end":{}}],"line":73},"11":{"loc":{"start":{"line":93,"column":0},"end":{"line":98,"column":1}},"type":"if","locations":[{"start":{"line":93,"column":0},"end":{"line":98,"column":1}},{"start":{},"end":{}}],"line":93},"12":{"loc":{"start":{"line":94,"column":17},"end":{"line":94,"column":41}},"type":"binary-expr","locations":[{"start":{"line":94,"column":17},"end":{"line":94,"column":33}},{"start":{"line":94,"column":37},"end":{"line":94,"column":41}}],"line":94}},"s":{"0":1,"1":1,"2":1,"3":1,"4":1,"5":1,"6":1,"7":1,"8":1,"9":0,"10":0,"11":1,"12":1,"13":1,"14":1,"15":1,"16":4,"17":4,"18":4,"19":4,"20":1,"21":3,"22":3,"23":3,"24":6,"25":3,"26":3,"27":2,"28":3,"29":1,"30":1,"31":0,"32":0,"33":3,"34":3,"35":1,"36":2,"37":0,"38":0,"39":1,"40":1,"41":1,"42":0,"43":0,"44":0,"45":1},"f":{"0":1,"1":0,"2":4,"3":6,"4":1,"5":0},"b":{"0":[1,0],"1":[1,0],"2":[1,3],"3":[3,0],"4":[6,3,3],"5":[2,1],"6":[1,2],"7":[1,0],"8":[1,0],"9":[0,0],"10":[1,2],"11":[0,1],"12":[0,0]},"_coverageSchema":"1a1c01bbd47fc00a2c39e90264f33305004495a9","hash":"7b6fe735819ac54713c93762750caa47ffa558fd"}
,"D:\\Berkas Kuliah\\Semester 6\\rekaweb\\BM kurir\\server\\models\\Pengaturan.js": {"path":"D:\\Berkas Kuliah\\Semester 6\\rekaweb\\BM kurir\\server\\models\\Pengaturan.js","statementMap":{"0":{"start":{"line":1,"column":17},"end":{"line":1,"column":36}},"1":{"start":{"line":3,"column":25},"end":{"line":17,"column":2}},"2":{"start":{"line":19,"column":0},"end":{"line":19,"column":64}}},"fnMap":{},"branchMap":{},"s":{"0":1,"1":1,"2":1},"f":{},"b":{},"_coverageSchema":"1a1c01bbd47fc00a2c39e90264f33305004495a9","hash":"7e4563ad4809be7e29f6f557aa373029f9adcad3"}
,"D:\\Berkas Kuliah\\Semester 6\\rekaweb\\BM kurir\\server\\models\\pesanan.js": {"path":"D:\\Berkas Kuliah\\Semester 6\\rekaweb\\BM kurir\\server\\models\\pesanan.js","statementMap":{"0":{"start":{"line":1,"column":17},"end":{"line":1,"column":36}},"1":{"start":{"line":3,"column":22},"end":{"line":53,"column":2}},"2":{"start":{"line":55,"column":0},"end":{"line":55,"column":85}}},"fnMap":{},"branchMap":{"0":{"loc":{"start":{"line":55,"column":17},"end":{"line":55,"column":84}},"type":"binary-expr","locations":[{"start":{"line":55,"column":17},"end":{"line":55,"column":40}},{"start":{"line":55,"column":44},"end":{"line":55,"column":84}}],"line":55}},"s":{"0":2,"1":2,"2":2},"f":{},"b":{"0":[2,1]},"_coverageSchema":"1a1c01bbd47fc00a2c39e90264f33305004495a9","hash":"a718d58d18c899a287ad13b05a0df33e628005fe"}
,"D:\\Berkas Kuliah\\Semester 6\\rekaweb\\BM kurir\\server\\models\\user.js": {"path":"D:\\Berkas Kuliah\\Semester 6\\rekaweb\\BM kurir\\server\\models\\user.js","statementMap":{"0":{"start":{"line":1,"column":17},"end":{"line":1,"column":36}},"1":{"start":{"line":3,"column":19},"end":{"line":39,"column":2}},"2":{"start":{"line":42,"column":13},"end":{"line":42,"column":71}},"3":{"start":{"line":44,"column":0},"end":{"line":44,"column":22}}},"fnMap":{},"branchMap":{"0":{"loc":{"start":{"line":42,"column":13},"end":{"line":42,"column":71}},"type":"binary-expr","locations":[{"start":{"line":42,"column":13},"end":{"line":42,"column":33}},{"start":{"line":42,"column":37},"end":{"line":42,"column":71}}],"line":42}},"s":{"0":2,"1":2,"2":2,"3":2},"f":{},"b":{"0":[2,2]},"_coverageSchema":"1a1c01bbd47fc00a2c39e90264f33305004495a9","hash":"7aa38e6f683c6a9d898f97920bde40de427328f3"}
}
