{"D:\\Berkas Kuliah\\Semester 6\\rekaweb\\BM kurir\\server\\server.js": {"path":"D:\\Berkas Kuliah\\Semester 6\\rekaweb\\BM kurir\\server\\server.js","statementMap":{"0":{"start":{"line":1,"column":16},"end":{"line":1,"column":34}},"1":{"start":{"line":2,"column":15},"end":{"line":2,"column":32}},"2":{"start":{"line":3,"column":18},"end":{"line":3,"column":47}},"3":{"start":{"line":4,"column":13},"end":{"line":4,"column":28}},"4":{"start":{"line":5,"column":17},"end":{"line":5,"column":36}},"5":{"start":{"line":6,"column":18},"end":{"line":6,"column":40}},"6":{"start":{"line":8,"column":12},"end":{"line":8,"column":21}},"7":{"start":{"line":13,"column":0},"end":{"line":13,"column":18}},"8":{"start":{"line":14,"column":0},"end":{"line":21,"column":4}},"9":{"start":{"line":26,"column":23},"end":{"line":35,"column":2}},"10":{"start":{"line":38,"column":0},"end":{"line":38,"column":24}},"11":{"start":{"line":41,"column":21},"end":{"line":50,"column":2}},"12":{"start":{"line":55,"column":0},"end":{"line":61,"column":4}},"13":{"start":{"line":63,"column":0},"end":{"line":63,"column":24}},"14":{"start":{"line":68,"column":34},"end":{"line":88,"column":1}},"15":{"start":{"line":69,"column":4},"end":{"line":71,"column":5}},"16":{"start":{"line":70,"column":8},"end":{"line":70,"column":15}},"17":{"start":{"line":72,"column":4},"end":{"line":87,"column":5}},"18":{"start":{"line":73,"column":24},"end":{"line":73,"column":75}},"19":{"start":{"line":74,"column":8},"end":{"line":77,"column":9}},"20":{"start":{"line":75,"column":12},"end":{"line":75,"column":95}},"21":{"start":{"line":76,"column":12},"end":{"line":76,"column":19}},"22":{"start":{"line":79,"column":8},"end":{"line":79,"column":67}},"23":{"start":{"line":80,"column":8},"end":{"line":82,"column":11}},"24":{"start":{"line":84,"column":8},"end":{"line":84,"column":71}},"25":{"start":{"line":86,"column":8},"end":{"line":86,"column":72}},"26":{"start":{"line":91,"column":0},"end":{"line":98,"column":1}},"27":{"start":{"line":92,"column":22},"end":{"line":92,"column":96}},"28":{"start":{"line":93,"column":4},"end":{"line":93,"column":48}},"29":{"start":{"line":94,"column":7},"end":{"line":98,"column":1}},"30":{"start":{"line":95,"column":4},"end":{"line":95,"column":48}},"31":{"start":{"line":97,"column":4},"end":{"line":97,"column":16}},"32":{"start":{"line":101,"column":0},"end":{"line":106,"column":3}},"33":{"start":{"line":102,"column":4},"end":{"line":104,"column":5}},"34":{"start":{"line":103,"column":8},"end":{"line":103,"column":42}},"35":{"start":{"line":105,"column":4},"end":{"line":105,"column":11}},"36":{"start":{"line":109,"column":0},"end":{"line":109,"column":47}},"37":{"start":{"line":110,"column":0},"end":{"line":110,"column":53}},"38":{"start":{"line":113,"column":0},"end":{"line":113,"column":41}},"39":{"start":{"line":118,"column":0},"end":{"line":126,"column":3}},"40":{"start":{"line":119,"column":4},"end":{"line":125,"column":7}},"41":{"start":{"line":131,"column":0},"end":{"line":169,"column":3}},"42":{"start":{"line":132,"column":4},"end":{"line":168,"column":5}},"43":{"start":{"line":133,"column":23},"end":{"line":133,"column":33}},"44":{"start":{"line":134,"column":36},"end":{"line":134,"column":44}},"45":{"start":{"line":136,"column":8},"end":{"line":138,"column":9}},"46":{"start":{"line":137,"column":12},"end":{"line":137,"column":86}},"47":{"start":{"line":140,"column":19},"end":{"line":140,"column":41}},"48":{"start":{"line":141,"column":28},"end":{"line":141,"column":64}},"49":{"start":{"line":142,"column":31},"end":{"line":142,"column":142}},"50":{"start":{"line":142,"column":53},"end":{"line":142,"column":121}},"51":{"start":{"line":144,"column":27},"end":{"line":144,"column":29}},"52":{"start":{"line":145,"column":8},"end":{"line":145,"column":47}},"53":{"start":{"line":145,"column":20},"end":{"line":145,"column":47}},"54":{"start":{"line":147,"column":8},"end":{"line":153,"column":9}},"55":{"start":{"line":148,"column":12},"end":{"line":152,"column":13}},"56":{"start":{"line":149,"column":16},"end":{"line":149,"column":45}},"57":{"start":{"line":150,"column":19},"end":{"line":152,"column":13}},"58":{"start":{"line":151,"column":16},"end":{"line":151,"column":74}},"59":{"start":{"line":155,"column":23},"end":{"line":158,"column":9}},"60":{"start":{"line":160,"column":8},"end":{"line":162,"column":9}},"61":{"start":{"line":161,"column":12},"end":{"line":161,"column":97}},"62":{"start":{"line":164,"column":8},"end":{"line":164,"column":96}},"63":{"start":{"line":166,"column":8},"end":{"line":166,"column":70}},"64":{"start":{"line":167,"column":8},"end":{"line":167,"column":104}},"65":{"start":{"line":172,"column":0},"end":{"line":174,"column":3}},"66":{"start":{"line":173,"column":4},"end":{"line":173,"column":85}},"67":{"start":{"line":179,"column":0},"end":{"line":184,"column":1}},"68":{"start":{"line":180,"column":17},"end":{"line":180,"column":41}},"69":{"start":{"line":181,"column":4},"end":{"line":183,"column":7}},"70":{"start":{"line":182,"column":8},"end":{"line":182,"column":55}},"71":{"start":{"line":187,"column":0},"end":{"line":187,"column":21}}},"fnMap":{"0":{"name":"(anonymous_0)","decl":{"start":{"line":68,"column":34},"end":{"line":68,"column":35}},"loc":{"start":{"line":68,"column":46},"end":{"line":88,"column":1}},"line":68},"1":{"name":"(anonymous_1)","decl":{"start":{"line":93,"column":38},"end":{"line":93,"column":39}},"loc":{"start":{"line":93,"column":44},"end":{"line":93,"column":46}},"line":93},"2":{"name":"(anonymous_2)","decl":{"start":{"line":95,"column":38},"end":{"line":95,"column":39}},"loc":{"start":{"line":95,"column":44},"end":{"line":95,"column":46}},"line":95},"3":{"name":"(anonymous_3)","decl":{"start":{"line":101,"column":8},"end":{"line":101,"column":9}},"loc":{"start":{"line":101,"column":34},"end":{"line":106,"column":1}},"line":101},"4":{"name":"(anonymous_4)","decl":{"start":{"line":118,"column":23},"end":{"line":118,"column":24}},"loc":{"start":{"line":118,"column":37},"end":{"line":126,"column":1}},"line":118},"5":{"name":"(anonymous_5)","decl":{"start":{"line":131,"column":35},"end":{"line":131,"column":36}},"loc":{"start":{"line":131,"column":55},"end":{"line":169,"column":1}},"line":131},"6":{"name":"(anonymous_6)","decl":{"start":{"line":142,"column":48},"end":{"line":142,"column":49}},"loc":{"start":{"line":142,"column":53},"end":{"line":142,"column":121}},"line":142},"7":{"name":"(anonymous_7)","decl":{"start":{"line":172,"column":13},"end":{"line":172,"column":14}},"loc":{"start":{"line":172,"column":27},"end":{"line":174,"column":1}},"line":172},"8":{"name":"(anonymous_8)","decl":{"start":{"line":181,"column":21},"end":{"line":181,"column":22}},"loc":{"start":{"line":181,"column":27},"end":{"line":183,"column":5}},"line":181}},"branchMap":{"0":{"loc":{"start":{"line":57,"column":12},"end":{"line":57,"column":63}},"type":"binary-expr","locations":[{"start":{"line":57,"column":12},"end":{"line":57,"column":36}},{"start":{"line":57,"column":40},"end":{"line":57,"column":63}}],"line":57},"1":{"loc":{"start":{"line":69,"column":4},"end":{"line":71,"column":5}},"type":"if","locations":[{"start":{"line":69,"column":4},"end":{"line":71,"column":5}},{"start":{},"end":{}}],"line":69},"2":{"loc":{"start":{"line":69,"column":8},"end":{"line":69,"column":84}},"type":"binary-expr","locations":[{"start":{"line":69,"column":8},"end":{"line":69,"column":44}},{"start":{"line":69,"column":48},"end":{"line":69,"column":84}}],"line":69},"3":{"loc":{"start":{"line":73,"column":24},"end":{"line":73,"column":75}},"type":"binary-expr","locations":[{"start":{"line":73,"column":24},"end":{"line":73,"column":50}},{"start":{"line":73,"column":54},"end":{"line":73,"column":75}}],"line":73},"4":{"loc":{"start":{"line":74,"column":8},"end":{"line":77,"column":9}},"type":"if","locations":[{"start":{"line":74,"column":8},"end":{"line":77,"column":9}},{"start":{},"end":{}}],"line":74},"5":{"loc":{"start":{"line":91,"column":0},"end":{"line":98,"column":1}},"type":"if","locations":[{"start":{"line":91,"column":0},"end":{"line":98,"column":1}},{"start":{"line":94,"column":7},"end":{"line":98,"column":1}}],"line":91},"6":{"loc":{"start":{"line":92,"column":22},"end":{"line":92,"column":96}},"type":"binary-expr","locations":[{"start":{"line":92,"column":22},"end":{"line":92,"column":48}},{"start":{"line":92,"column":52},"end":{"line":92,"column":96}}],"line":92},"7":{"loc":{"start":{"line":94,"column":7},"end":{"line":98,"column":1}},"type":"if","locations":[{"start":{"line":94,"column":7},"end":{"line":98,"column":1}},{"start":{"line":96,"column":7},"end":{"line":98,"column":1}}],"line":94},"8":{"loc":{"start":{"line":94,"column":11},"end":{"line":94,"column":70}},"type":"binary-expr","locations":[{"start":{"line":94,"column":11},"end":{"line":94,"column":48}},{"start":{"line":94,"column":52},"end":{"line":94,"column":70}}],"line":94},"9":{"loc":{"start":{"line":102,"column":4},"end":{"line":104,"column":5}},"type":"if","locations":[{"start":{"line":102,"column":4},"end":{"line":104,"column":5}},{"start":{},"end":{}}],"line":102},"10":{"loc":{"start":{"line":102,"column":8},"end":{"line":102,"column":109}},"type":"binary-expr","locations":[{"start":{"line":102,"column":9},"end":{"line":102,"column":46}},{"start":{"line":102,"column":50},"end":{"line":102,"column":68}},{"start":{"line":102,"column":73},"end":{"line":102,"column":109}}],"line":102},"11":{"loc":{"start":{"line":121,"column":18},"end":{"line":121,"column":85}},"type":"cond-expr","locations":[{"start":{"line":121,"column":57},"end":{"line":121,"column":68}},{"start":{"line":121,"column":71},"end":{"line":121,"column":85}}],"line":121},"12":{"loc":{"start":{"line":122,"column":21},"end":{"line":122,"column":58}},"type":"binary-expr","locations":[{"start":{"line":122,"column":21},"end":{"line":122,"column":41}},{"start":{"line":122,"column":45},"end":{"line":122,"column":58}}],"line":122},"13":{"loc":{"start":{"line":136,"column":8},"end":{"line":138,"column":9}},"type":"if","locations":[{"start":{"line":136,"column":8},"end":{"line":138,"column":9}},{"start":{},"end":{}}],"line":136},"14":{"loc":{"start":{"line":142,"column":31},"end":{"line":142,"column":142}},"type":"binary-expr","locations":[{"start":{"line":142,"column":31},"end":{"line":142,"column":128}},{"start":{"line":142,"column":132},"end":{"line":142,"column":142}}],"line":142},"15":{"loc":{"start":{"line":142,"column":53},"end":{"line":142,"column":121}},"type":"binary-expr","locations":[{"start":{"line":142,"column":53},"end":{"line":142,"column":74}},{"start":{"line":142,"column":78},"end":{"line":142,"column":97}},{"start":{"line":142,"column":101},"end":{"line":142,"column":121}}],"line":142},"16":{"loc":{"start":{"line":145,"column":8},"end":{"line":145,"column":47}},"type":"if","locations":[{"start":{"line":145,"column":8},"end":{"line":145,"column":47}},{"start":{},"end":{}}],"line":145},"17":{"loc":{"start":{"line":147,"column":8},"end":{"line":153,"column":9}},"type":"if","locations":[{"start":{"line":147,"column":8},"end":{"line":153,"column":9}},{"start":{},"end":{}}],"line":147},"18":{"loc":{"start":{"line":148,"column":12},"end":{"line":152,"column":13}},"type":"if","locations":[{"start":{"line":148,"column":12},"end":{"line":152,"column":13}},{"start":{"line":150,"column":19},"end":{"line":152,"column":13}}],"line":148},"19":{"loc":{"start":{"line":148,"column":16},"end":{"line":148,"column":69}},"type":"binary-expr","locations":[{"start":{"line":148,"column":16},"end":{"line":148,"column":40}},{"start":{"line":148,"column":44},"end":{"line":148,"column":69}}],"line":148},"20":{"loc":{"start":{"line":150,"column":19},"end":{"line":152,"column":13}},"type":"if","locations":[{"start":{"line":150,"column":19},"end":{"line":152,"column":13}},{"start":{},"end":{}}],"line":150},"21":{"loc":{"start":{"line":160,"column":8},"end":{"line":162,"column":9}},"type":"if","locations":[{"start":{"line":160,"column":8},"end":{"line":162,"column":9}},{"start":{},"end":{}}],"line":160},"22":{"loc":{"start":{"line":179,"column":0},"end":{"line":184,"column":1}},"type":"if","locations":[{"start":{"line":179,"column":0},"end":{"line":184,"column":1}},{"start":{},"end":{}}],"line":179},"23":{"loc":{"start":{"line":179,"column":4},"end":{"line":179,"column":58}},"type":"binary-expr","locations":[{"start":{"line":179,"column":4},"end":{"line":179,"column":35}},{"start":{"line":179,"column":39},"end":{"line":179,"column":58}}],"line":179},"24":{"loc":{"start":{"line":180,"column":17},"end":{"line":180,"column":41}},"type":"binary-expr","locations":[{"start":{"line":180,"column":17},"end":{"line":180,"column":33}},{"start":{"line":180,"column":37},"end":{"line":180,"column":41}}],"line":180}},"s":{"0":1,"1":1,"2":1,"3":1,"4":1,"5":1,"6":1,"7":1,"8":1,"9":1,"10":1,"11":1,"12":1,"13":1,"14":1,"15":0,"16":0,"17":0,"18":0,"19":0,"20":0,"21":0,"22":0,"23":0,"24":0,"25":0,"26":1,"27":1,"28":1,"29":0,"30":0,"31":0,"32":1,"33":12,"34":0,"35":12,"36":1,"37":1,"38":1,"39":1,"40":1,"41":1,"42":4,"43":4,"44":4,"45":4,"46":1,"47":3,"48":3,"49":3,"50":6,"51":3,"52":3,"53":2,"54":3,"55":1,"56":1,"57":0,"58":0,"59":3,"60":3,"61":1,"62":2,"63":0,"64":0,"65":1,"66":2,"67":1,"68":0,"69":0,"70":0,"71":1},"f":{"0":0,"1":0,"2":0,"3":12,"4":1,"5":4,"6":6,"7":2,"8":0},"b":{"0":[1,1],"1":[0,0],"2":[0,0],"3":[0,0],"4":[0,0],"5":[1,0],"6":[1,1],"7":[0,0],"8":[0,0],"9":[0,12],"10":[12,12,0],"11":[1,0],"12":[1,0],"13":[1,3],"14":[3,0],"15":[6,3,3],"16":[2,1],"17":[1,2],"18":[1,0],"19":[1,0],"20":[0,0],"21":[1,2],"22":[0,1],"23":[1,0],"24":[0,0]},"_coverageSchema":"1a1c01bbd47fc00a2c39e90264f33305004495a9","hash":"0151b879f26d0f099b57b32baa4d4fdc1b2dad5c"}
,"D:\\Berkas Kuliah\\Semester 6\\rekaweb\\BM kurir\\server\\middleware\\authMiddleware.js": {"path":"D:\\Berkas Kuliah\\Semester 6\\rekaweb\\BM kurir\\server\\middleware\\authMiddleware.js","statementMap":{"0":{"start":{"line":1,"column":12},"end":{"line":1,"column":35}},"1":{"start":{"line":4,"column":0},"end":{"line":26,"column":2}},"2":{"start":{"line":6,"column":21},"end":{"line":6,"column":48}},"3":{"start":{"line":8,"column":2},"end":{"line":10,"column":3}},"4":{"start":{"line":9,"column":4},"end":{"line":9,"column":82}},"5":{"start":{"line":12,"column":2},"end":{"line":25,"column":3}},"6":{"start":{"line":14,"column":18},"end":{"line":14,"column":90}},"7":{"start":{"line":17,"column":20},"end":{"line":17,"column":84}},"8":{"start":{"line":20,"column":4},"end":{"line":20,"column":28}},"9":{"start":{"line":22,"column":4},"end":{"line":22,"column":11}},"10":{"start":{"line":24,"column":4},"end":{"line":24,"column":79}}},"fnMap":{"0":{"name":"(anonymous_0)","decl":{"start":{"line":4,"column":17},"end":{"line":4,"column":18}},"loc":{"start":{"line":4,"column":43},"end":{"line":26,"column":1}},"line":4}},"branchMap":{"0":{"loc":{"start":{"line":8,"column":2},"end":{"line":10,"column":3}},"type":"if","locations":[{"start":{"line":8,"column":2},"end":{"line":10,"column":3}},{"start":{},"end":{}}],"line":8},"1":{"loc":{"start":{"line":14,"column":18},"end":{"line":14,"column":90}},"type":"cond-expr","locations":[{"start":{"line":14,"column":53},"end":{"line":14,"column":77}},{"start":{"line":14,"column":80},"end":{"line":14,"column":90}}],"line":14},"2":{"loc":{"start":{"line":17,"column":38},"end":{"line":17,"column":83}},"type":"binary-expr","locations":[{"start":{"line":17,"column":38},"end":{"line":17,"column":60}},{"start":{"line":17,"column":64},"end":{"line":17,"column":83}}],"line":17}},"s":{"0":1,"1":1,"2":2,"3":2,"4":1,"5":1,"6":1,"7":1,"8":1,"9":1,"10":0},"f":{"0":2},"b":{"0":[1,1],"1":[1,0],"2":[1,1]},"_coverageSchema":"1a1c01bbd47fc00a2c39e90264f33305004495a9","hash":"0cbbe2db6886db187b9f8d2ebd1c733fe14ef753"}
,"D:\\Berkas Kuliah\\Semester 6\\rekaweb\\BM kurir\\server\\models\\Pengaturan.js": {"path":"D:\\Berkas Kuliah\\Semester 6\\rekaweb\\BM kurir\\server\\models\\Pengaturan.js","statementMap":{"0":{"start":{"line":1,"column":17},"end":{"line":1,"column":36}},"1":{"start":{"line":3,"column":25},"end":{"line":17,"column":2}},"2":{"start":{"line":19,"column":0},"end":{"line":19,"column":64}}},"fnMap":{},"branchMap":{},"s":{"0":1,"1":1,"2":1},"f":{},"b":{},"_coverageSchema":"1a1c01bbd47fc00a2c39e90264f33305004495a9","hash":"7e4563ad4809be7e29f6f557aa373029f9adcad3"}
,"D:\\Berkas Kuliah\\Semester 6\\rekaweb\\BM kurir\\server\\models\\Pesanan.js": {"path":"D:\\Berkas Kuliah\\Semester 6\\rekaweb\\BM kurir\\server\\models\\Pesanan.js","statementMap":{"0":{"start":{"line":1,"column":17},"end":{"line":1,"column":36}},"1":{"start":{"line":3,"column":22},"end":{"line":53,"column":2}},"2":{"start":{"line":55,"column":0},"end":{"line":55,"column":85}}},"fnMap":{},"branchMap":{"0":{"loc":{"start":{"line":55,"column":17},"end":{"line":55,"column":84}},"type":"binary-expr","locations":[{"start":{"line":55,"column":17},"end":{"line":55,"column":40}},{"start":{"line":55,"column":44},"end":{"line":55,"column":84}}],"line":55}},"s":{"0":2,"1":2,"2":2},"f":{},"b":{"0":[2,1]},"_coverageSchema":"1a1c01bbd47fc00a2c39e90264f33305004495a9","hash":"b38c1ce6237764c34ff510d2c783f27c5af1b8af"}
,"D:\\Berkas Kuliah\\Semester 6\\rekaweb\\BM kurir\\server\\models\\User.js": {"path":"D:\\Berkas Kuliah\\Semester 6\\rekaweb\\BM kurir\\server\\models\\User.js","statementMap":{"0":{"start":{"line":1,"column":17},"end":{"line":1,"column":36}},"1":{"start":{"line":3,"column":19},"end":{"line":53,"column":2}},"2":{"start":{"line":40,"column":6},"end":{"line":40,"column":39}},"3":{"start":{"line":40,"column":22},"end":{"line":40,"column":39}},"4":{"start":{"line":43,"column":6},"end":{"line":43,"column":82}},"5":{"start":{"line":56,"column":13},"end":{"line":56,"column":71}},"6":{"start":{"line":58,"column":0},"end":{"line":58,"column":22}}},"fnMap":{"0":{"name":"(anonymous_0)","decl":{"start":{"line":39,"column":9},"end":{"line":39,"column":10}},"loc":{"start":{"line":39,"column":29},"end":{"line":44,"column":5}},"line":39}},"branchMap":{"0":{"loc":{"start":{"line":40,"column":6},"end":{"line":40,"column":39}},"type":"if","locations":[{"start":{"line":40,"column":6},"end":{"line":40,"column":39}},{"start":{},"end":{}}],"line":40},"1":{"loc":{"start":{"line":56,"column":13},"end":{"line":56,"column":71}},"type":"binary-expr","locations":[{"start":{"line":56,"column":13},"end":{"line":56,"column":33}},{"start":{"line":56,"column":37},"end":{"line":56,"column":71}}],"line":56}},"s":{"0":2,"1":2,"2":3,"3":0,"4":3,"5":2,"6":2},"f":{"0":3},"b":{"0":[0,3],"1":[2,2]},"_coverageSchema":"1a1c01bbd47fc00a2c39e90264f33305004495a9","hash":"fa5aca390215c7ff0d034d679f584ef756d7a7f1"}
}
