TN:
SF:server.js
FN:22,(anonymous_0)
FN:25,(anonymous_1)
FN:43,(anonymous_2)
FN:55,(anonymous_3)
FN:85,(anonymous_4)
FN:95,(anonymous_5)
FNF:6
FNH:4
FNDA:1,(anonymous_0)
FNDA:0,(anonymous_1)
FNDA:4,(anonymous_2)
FNDA:6,(anonymous_3)
FNDA:1,(anonymous_4)
FNDA:0,(anonymous_5)
DA:4,1
DA:6,1
DA:7,1
DA:8,1
DA:9,1
DA:11,1
DA:16,1
DA:18,1
DA:21,1
DA:25,0
DA:28,0
DA:32,1
DA:33,1
DA:36,1
DA:37,1
DA:43,1
DA:44,4
DA:45,4
DA:46,4
DA:48,4
DA:49,1
DA:52,3
DA:54,3
DA:55,6
DA:57,3
DA:58,3
DA:60,3
DA:61,1
DA:62,1
DA:63,0
DA:64,0
DA:68,3
DA:73,3
DA:74,1
DA:77,2
DA:79,0
DA:80,0
DA:85,1
DA:86,1
DA:93,1
DA:94,0
DA:95,0
DA:96,0
DA:101,1
LF:44
LH:35
BRDA:16,0,0,1
BRDA:16,0,1,0
BRDA:18,1,0,1
BRDA:18,1,1,0
BRDA:48,2,0,1
BRDA:48,2,1,3
BRDA:55,3,0,3
BRDA:55,3,1,0
BRDA:55,4,0,6
BRDA:55,4,1,3
BRDA:55,4,2,3
BRDA:58,5,0,2
BRDA:58,5,1,1
BRDA:60,6,0,1
BRDA:60,6,1,2
BRDA:61,7,0,1
BRDA:61,7,1,0
BRDA:61,8,0,1
BRDA:61,8,1,0
BRDA:63,9,0,0
BRDA:63,9,1,0
BRDA:73,10,0,1
BRDA:73,10,1,2
BRDA:93,11,0,0
BRDA:93,11,1,1
BRDA:94,12,0,0
BRDA:94,12,1,0
BRF:27
BRH:17
end_of_record
TN:
SF:models\Pengaturan.js
FNF:0
FNH:0
DA:1,1
DA:3,1
DA:19,1
LF:3
LH:3
BRF:0
BRH:0
end_of_record
TN:
SF:models\pesanan.js
FNF:0
FNH:0
DA:1,2
DA:3,2
DA:55,2
LF:3
LH:3
BRDA:55,0,0,2
BRDA:55,0,1,1
BRF:2
BRH:2
end_of_record
TN:
SF:models\user.js
FNF:0
FNH:0
DA:1,2
DA:3,2
DA:42,2
DA:44,2
LF:4
LH:4
BRDA:42,0,0,2
BRDA:42,0,1,2
BRF:2
BRH:2
end_of_record
