TN:
SF:server.js
FN:68,(anonymous_0)
FN:93,(anonymous_1)
FN:95,(anonymous_2)
FN:101,(anonymous_3)
FN:118,(anonymous_4)
FN:131,(anonymous_5)
FN:142,(anonymous_6)
FN:172,(anonymous_7)
FN:181,(anonymous_8)
FNF:9
FNH:5
FNDA:0,(anonymous_0)
FNDA:0,(anonymous_1)
FNDA:0,(anonymous_2)
FNDA:12,(anonymous_3)
FNDA:1,(anonymous_4)
FNDA:4,(anonymous_5)
FNDA:6,(anonymous_6)
FNDA:2,(anonymous_7)
FNDA:0,(anonymous_8)
DA:1,1
DA:2,1
DA:3,1
DA:4,1
DA:5,1
DA:6,1
DA:8,1
DA:13,1
DA:14,1
DA:26,1
DA:38,1
DA:41,1
DA:55,1
DA:63,1
DA:68,1
DA:69,0
DA:70,0
DA:72,0
DA:73,0
DA:74,0
DA:75,0
DA:76,0
DA:79,0
DA:80,0
DA:84,0
DA:86,0
DA:91,1
DA:92,1
DA:93,1
DA:94,0
DA:95,0
DA:97,0
DA:101,1
DA:102,12
DA:103,0
DA:105,12
DA:109,1
DA:110,1
DA:113,1
DA:118,1
DA:119,1
DA:131,1
DA:132,4
DA:133,4
DA:134,4
DA:136,4
DA:137,1
DA:140,3
DA:141,3
DA:142,6
DA:144,3
DA:145,3
DA:147,3
DA:148,1
DA:149,1
DA:150,0
DA:151,0
DA:155,3
DA:160,3
DA:161,1
DA:164,2
DA:166,0
DA:167,0
DA:172,1
DA:173,2
DA:179,1
DA:180,0
DA:181,0
DA:182,0
DA:187,1
LF:70
LH:48
BRDA:57,0,0,1
BRDA:57,0,1,1
BRDA:69,1,0,0
BRDA:69,1,1,0
BRDA:69,2,0,0
BRDA:69,2,1,0
BRDA:73,3,0,0
BRDA:73,3,1,0
BRDA:74,4,0,0
BRDA:74,4,1,0
BRDA:91,5,0,1
BRDA:91,5,1,0
BRDA:92,6,0,1
BRDA:92,6,1,1
BRDA:94,7,0,0
BRDA:94,7,1,0
BRDA:94,8,0,0
BRDA:94,8,1,0
BRDA:102,9,0,0
BRDA:102,9,1,12
BRDA:102,10,0,12
BRDA:102,10,1,12
BRDA:102,10,2,0
BRDA:121,11,0,1
BRDA:121,11,1,0
BRDA:122,12,0,1
BRDA:122,12,1,0
BRDA:136,13,0,1
BRDA:136,13,1,3
BRDA:142,14,0,3
BRDA:142,14,1,0
BRDA:142,15,0,6
BRDA:142,15,1,3
BRDA:142,15,2,3
BRDA:145,16,0,2
BRDA:145,16,1,1
BRDA:147,17,0,1
BRDA:147,17,1,2
BRDA:148,18,0,1
BRDA:148,18,1,0
BRDA:148,19,0,1
BRDA:148,19,1,0
BRDA:150,20,0,0
BRDA:150,20,1,0
BRDA:160,21,0,1
BRDA:160,21,1,2
BRDA:179,22,0,0
BRDA:179,22,1,1
BRDA:179,23,0,1
BRDA:179,23,1,0
BRDA:180,24,0,0
BRDA:180,24,1,0
BRF:52
BRH:26
end_of_record
TN:
SF:middleware\authMiddleware.js
FN:4,(anonymous_0)
FNF:1
FNH:1
FNDA:2,(anonymous_0)
DA:1,1
DA:4,1
DA:6,2
DA:8,2
DA:9,1
DA:12,1
DA:14,1
DA:17,1
DA:20,1
DA:22,1
DA:24,0
LF:11
LH:10
BRDA:8,0,0,1
BRDA:8,0,1,1
BRDA:14,1,0,1
BRDA:14,1,1,0
BRDA:17,2,0,1
BRDA:17,2,1,1
BRF:6
BRH:5
end_of_record
TN:
SF:models\Pengaturan.js
FNF:0
FNH:0
DA:1,1
DA:3,1
DA:19,1
LF:3
LH:3
BRF:0
BRH:0
end_of_record
TN:
SF:models\Pesanan.js
FNF:0
FNH:0
DA:1,2
DA:3,2
DA:55,2
LF:3
LH:3
BRDA:55,0,0,2
BRDA:55,0,1,1
BRF:2
BRH:2
end_of_record
TN:
SF:models\User.js
FN:39,(anonymous_0)
FNF:1
FNH:1
FNDA:3,(anonymous_0)
DA:1,2
DA:3,2
DA:40,3
DA:43,3
DA:56,2
DA:58,2
LF:6
LH:6
BRDA:40,0,0,0
BRDA:40,0,1,3
BRDA:56,1,0,2
BRDA:56,1,1,2
BRF:4
BRH:3
end_of_record
